player 0: `sti` operation, scheduled after 25 cycles
player 0: `sti` operation has more 24 cycles to wait
player 0: `sti` operation has more 23 cycles to wait
player 0: `sti` operation has more 22 cycles to wait
player 0: `sti` operation has more 21 cycles to wait
player 0: `sti` operation has more 20 cycles to wait
player 0: `sti` operation has more 19 cycles to wait
player 0: `sti` operation has more 18 cycles to wait
player 0: `sti` operation has more 17 cycles to wait
player 0: `sti` operation has more 16 cycles to wait
player 0: `sti` operation has more 15 cycles to wait
player 0: `sti` operation has more 14 cycles to wait
player 0: `sti` operation has more 13 cycles to wait
player 0: `sti` operation has more 12 cycles to wait
player 0: `sti` operation has more 11 cycles to wait
player 0: `sti` operation has more 10 cycles to wait
player 0: `sti` operation has more 9 cycles to wait
player 0: `sti` operation has more 8 cycles to wait
player 0: `sti` operation has more 7 cycles to wait
player 0: `sti` operation has more 6 cycles to wait
player 0: `sti` operation has more 5 cycles to wait
player 0: `sti` operation has more 4 cycles to wait
player 0: `sti` operation has more 3 cycles to wait
player 0: `sti` operation has more 2 cycles to wait
player 0: `sti` operation has more 1 cycles to wait
>	 encoding of sti is 01101000 00000068
 encoding of 0 (01)
 encoding of 1 (10)
 ### op `sti`:
 3   encoding : 68 01101000    expecting arg1: 0001, arg2: 0111, arg3: 0011
    arg 0: short(1) int(1) 00000001: 0000 0001
    arg 1: short(7) int(7) 00000007: 0000 0007
    arg 2: short(0) int(0) 00000000: 0000 0000
 ###
 encoding of 2 (10)
 ### op `sti`:
 3   encoding : 68 01101000    expecting arg1: 0001, arg2: 0111, arg3: 0011
    arg 0: short(1) int(1) 00000001: 0000 0001
    arg 1: short(7) int(7) 00000007: 0000 0007
    arg 2: short(1) int(1) 00000001: 0000 0001
 ###
read 0
>> player 0: `sti` has correct encoding
 ### op `sti`:
 3   encoding : 68 01101000    expecting arg1: 0001, arg2: 0111, arg3: 0011
   idx_mod encoded sizeof short 

    arg 0: short(1) int(1) 00000001: 0000 0001
    arg 1: short(7) int(7) 00000007: 0000 0007
    arg 2: short(1) int(1) 00000001: 0000 0001
 ###
player 0: `live` operation, scheduled after 10 cycles
player 0: `live` operation has more 9 cycles to wait
player 0: `live` operation has more 8 cycles to wait
player 0: `live` operation has more 7 cycles to wait
player 0: `live` operation has more 6 cycles to wait
player 0: `live` operation has more 5 cycles to wait
player 0: `live` operation has more 4 cycles to wait
player 0: `live` operation has more 3 cycles to wait
player 0: `live` operation has more 2 cycles to wait
player 0: `live` operation has more 1 cycles to wait
>> player 0: `live` has correct encoding
 ### op `live`:
 1   encoding : 00 00000000    expecting arg1: 0010, arg2: 0000, arg3: 0000
   long not encoded sizeof int 

    arg 0: short(4294967295) int(65535) 0000ffff: 0000 ffff
 ###
player 0: ff is not a valid operation!
player 0: ff is not a valid operation!
player 0: ff is not a valid operation!
player 0: 02 is not a valid operation!
player 0: `ld` operation, scheduled after 5 cycles
player 0: `ld` operation has more 4 cycles to wait
player 0: `ld` operation has more 3 cycles to wait
player 0: `ld` operation has more 2 cycles to wait
player 0: `ld` operation has more 1 cycles to wait
>	 encoding of ld is 10010000 00000090
 encoding of 0 (10)
 ### op `ld`:
 2   encoding : 90 10010000    expecting arg1: 0110, arg2: 0001, arg3: 0000
    arg 0: short(0) int(0) 00000000: 0000 0000
    arg 1: short(0) int(0) 00000000: 0000 0000
 ###
 encoding of 1 (01)
read 0
>> player 0: `ld` has correct encoding
 ### op `ld`:
 2   encoding : 90 10010000    expecting arg1: 0110, arg2: 0001, arg3: 0000
   idx_mod encoded sizeof int has carry

    arg 0: short(0) int(0) 00000000: 0000 0000
    arg 1: short(2) int(2) 00000002: 0000 0002
 ###
player 0: `zjmp` operation, scheduled after 20 cycles
player 0: `zjmp` operation has more 19 cycles to wait
player 0: `zjmp` operation has more 18 cycles to wait
player 0: `zjmp` operation has more 17 cycles to wait
player 0: `zjmp` operation has more 16 cycles to wait
player 0: `zjmp` operation has more 15 cycles to wait
player 0: `zjmp` operation has more 14 cycles to wait
player 0: `zjmp` operation has more 13 cycles to wait
player 0: `zjmp` operation has more 12 cycles to wait
player 0: `zjmp` operation has more 11 cycles to wait
player 0: `zjmp` operation has more 10 cycles to wait
player 0: `zjmp` operation has more 9 cycles to wait
player 0: `zjmp` operation has more 8 cycles to wait
player 0: `zjmp` operation has more 7 cycles to wait
player 0: `zjmp` operation has more 6 cycles to wait
player 0: `zjmp` operation has more 5 cycles to wait
player 0: `zjmp` operation has more 4 cycles to wait
player 0: `zjmp` operation has more 3 cycles to wait
player 0: `zjmp` operation has more 2 cycles to wait
player 0: `zjmp` operation has more 1 cycles to wait
>> player 0: `zjmp` has correct encoding
 ### op `zjmp`:
 1   encoding : 00 00000000    expecting arg1: 0010, arg2: 0000, arg3: 0000
   idx_mod not encoded sizeof short 

    arg 0: short(4294967277) int(65517) 0000ffed: 0000 ffed
 ###
